Microsoft (R) Macro Assembler Version 6.15.8803		    03/17/04 22:54:12
Crypt	(lp4.asm)					     Page 1 - 1


				TITLE Crypt	(lp4.asm)

				INCLUDE Irvine16.inc
			      C ; Irvine16.inc - Include file for programs using
			      C ; the Irvine16.lib (Real-address mode library).
			      C 
			      C ; Last update: 12/11/02
			      C 
			      C .NOLIST
			      C .LIST
			      C 

				Enter_File_Name PROTO, pvalue:PTR BYTE, pSize:WORD

 0000				.data
 = 1388				BufSize = 5000
 0000  0032 [			infile BYTE 50 DUP(?)
        00
       ]
 0032 6F 75 74 66 69 6C		outfile BYTE "outfile.txt",0
       65 2E 74 78 74 00
 003E 0000			inHandle WORD ?
 0040 0000			outHandle WORD ?
 0042  1388 [			buffer BYTE BufSize DUP(?)
        00
       ]
 13CA 0000			bytesRead WORD ?



 0000				.code
 0000				main PROC
 0000  B8 ---- R			mov ax, @data
 0003  8E D8				mov ds, ax

					INVOKE Enter_File_Name ADDR infile, inHandle
lp4.asm(23) : error A2008: syntax error : ADDR
					


					exit
 0009				main ENDP

				;------------------------------------------
 0009				Input_Message PROC
				;
				;
				;
				;------------------------------------------

 0009  C3				ret
 000A				Input_Message ENDP

				;------------------------------------------
 000A				Enter_File_Name PROC USES si cx ax
lp4.asm(41) : error A2111: conflicting parameter definition
 000D					pvalue:PTR BYTE,
lp4.asm(42) : error A2008: syntax error : ptr
					pSize:WORD
				;Returns: AX = size of the input string
				;------------------------------------------
 000D  51				push cx
 000E  56				push si
 000F  51				push cx
					mov cx, pSize
lp4.asm(49) : error A2006: undefined symbol : pSize
 0010  BE 000D R			mov si, pvalue
 0013  49				dec cx
 001F				L1:
 001F  B4 01				mov ah, 1
 0021  CD 21				int 21h
 0023  3C 0D				cmp al, 0Dh
 0025  74 05				je L2
 0027  88 04				mov [si], al
 0029  46				inc si
 002A  E2 F3				loop L1
 002C				L2:
 002C  C6 04 00				mov BYTE PTR [si], 0
					mov pvalue, si
lp4.asm(62) : error A2001: immediate operand not allowed
 002F  58				pop ax
 0030  2B C1				sub ax, cx
					mov pSize, ax 
lp4.asm(65) : error A2006: undefined symbol : pSize
 0032  5E				pop si
 0033  59				pop cx

					ret
 0038				Enter_File_Name ENDP

				;------------------------------------------
 0038				Output_Message PROC
				;
				;
				;
				;------------------------------------------

 0038  C3				ret
 0039				Output_Message ENDP

				;------------------------------------------
 0039				Input_File_Open PROC
				;
				;
				;
				;------------------------------------------
 0039  B8 716C				mov ax, 716Ch
 003C  BB 0000				mov bx, 0
 003F  B9 0000				mov cx, 0
 0042  BA 0001				mov dx, 1
 0045  BE 0000 R			mov si, OFFSET infile
 0048  CD 21				int 21h
				;	jc quit
 004A  A3 003E R			mov inHandle, ax

 004D  C3				ret
 004E				Input_File_Open ENDP

				;------------------------------------------
 004E				Output_File_Create PROC
				;
				;
				;
				;------------------------------------------
				;Create the output file
 004E  B8 716C				mov ax, 716Ch
 0051  BB 0001				mov bx, 1
 0054  B9 0000				mov cx, 0
 0057  BA 0012				mov dx, 12h
				;	jc quit
 005A  A3 0040 R			mov outHandle, ax

				;Write buffer to new file
 005D  B4 40				mov ah, 40h
 005F  8B 1E 0040 R			mov bx, outHandle
 0063  8B 0E 13CA R			mov cx, bytesRead
 0067  BA 0042 R			mov dx, OFFSET buffer
 006A  CD 21				int 21h
				;	jc quit

 006C  C3				ret
 006D				Output_File_Create ENDP

				;------------------------------------------
 006D				Enter_Key PROC
				;
				;
				;
				;------------------------------------------

 006D  C3				ret
 006E				Enter_Key ENDP

				;------------------------------------------
				;Read_and_Ecrypt PROC
				;
				;
				;
				;------------------------------------------
				;Read the input file
				;	mov ah, 3fh
				;	mov bx, inHandle
				;	mov cx, BufSize
				;	mov dx, OFFSET buffer
				;	int 21h
				;	jc quit
				;	mov bytesread, ax
				;
				;Display the buffer
				;	mov ah, 40h
				;	mov bx, 1
				;	mov cx, bytesRead
				;	mov dx, OFFSET buffer
				;	int 21h
				;	jc quit
				;
				;	ret
				;Read_and_Encrypt ENDP

				;------------------------------------------
 006E				Close_Files PROC
				;
				;
				;
				;------------------------------------------
				;Close the file
 006E  B4 3E				mov ah, 3eh
 0070  8B 1E 003E R			mov bx, inHandle
 0074  CD 21				int 21h
				;	jc quit

				;Close the file
 0076  B4 3E				mov ah, 3Eh
 0078  8B 1E 0040 R			mov bx, outHandle
 007C  CD 21				int 21h

 007E  C3				ret
 007F				Close_Files ENDP

				END main
Microsoft (R) Macro Assembler Version 6.15.8803		    03/17/04 22:54:12
Crypt	(lp4.asm)					     Symbols 2 - 1




Structures and Unions:

                N a m e                  Size
                                         Offset      Type

CursorPosStruc . . . . . . . . .	 0002
  Ycoord . . . . . . . . . . . .	 0000	     Byte
  Xcoord . . . . . . . . . . . .	 0001	     Byte
ExtGetDskFreSpcStruc . . . . . .	 002C
  StructSize . . . . . . . . . .	 0000	     Word
  Level  . . . . . . . . . . . .	 0002	     Word
  SectorsPerCluster  . . . . . .	 0004	     DWord
  BytesPerSector . . . . . . . .	 0008	     DWord
  AvailableClusters  . . . . . .	 000C	     DWord
  TotalClusters  . . . . . . . .	 0010	     DWord
  AvailablePhysSectors . . . . .	 0014	     DWord
  TotalPhysSectors . . . . . . .	 0018	     DWord
  AvailableAllocationUnits . . .	 001C	     DWord
  TotalAllocationUnits . . . . .	 0020	     DWord
  Rsvd . . . . . . . . . . . . .	 0024	     DWord
TimeRecord . . . . . . . . . . .	 0004
  hours  . . . . . . . . . . . .	 0000	     Byte
  minutes  . . . . . . . . . . .	 0001	     Byte
  seconds  . . . . . . . . . . .	 0002	     Byte
  hhss . . . . . . . . . . . . .	 0003	     Byte
VideoInfoStruc . . . . . . . . .	 0041
  supportedInfoPtr . . . . . . .	 0000	     DWord
  videoMode  . . . . . . . . . .	 0004	     Byte
  numCharColumns . . . . . . . .	 0005	     Word
  videoBufferLen . . . . . . . .	 0007	     Word
  videoBufferStartPtr  . . . . .	 0009	     Word
  cursors  . . . . . . . . . . .	 000B	     Word
  cursorStartLine  . . . . . . .	 001B	     Byte
  cursorEndLine  . . . . . . . .	 001C	     Byte
  activeDisplayPage  . . . . . .	 001D	     Byte
  adapterBasePortAddr  . . . . .	 001E	     Word
  currentRegister3B8or3D8  . . .	 0020	     Byte
  currentRegister3B9or3D9  . . .	 0021	     Byte
  numCharRows  . . . . . . . . .	 0022	     Byte
  characterScanHeight  . . . . .	 0023	     Word
  activeDisplayCode  . . . . . .	 0025	     Byte
  inactiveDisplayCode  . . . . .	 0026	     Byte
  numberOfColors . . . . . . . .	 0027	     Word
  numberOfVideoPages . . . . . .	 0029	     Byte
  numberOfScanLines  . . . . . .	 002A	     Word
  primaryCharBlock . . . . . . .	 002C	     Byte
  secondaryCharBlock . . . . . .	 002D	     Byte
  miscStateInfo  . . . . . . . .	 002E	     Byte
  videoMemAvail  . . . . . . . .	 0032	     Byte
  savePointerStateInfo . . . . .	 0033	     Byte


Segments and Groups:

                N a m e                 Size     Length   Align   Combine Class

DGROUP . . . . . . . . . . . . .	GROUP
_DATA  . . . . . . . . . . . . .	16 Bit	 13CC	  Word	  Public  'DATA'	
STACK  . . . . . . . . . . . . .	16 Bit	 0200	  Para	  Stack	  'STACK'	 
_TEXT  . . . . . . . . . . . . .	16 Bit	 008A	  Word	  Public  'CODE'	


Procedures,  parameters and locals:

                N a m e                 Type     Value    Attr

Close_Files  . . . . . . . . . .	P Near	 0079	  _TEXT	Length= 0011 Public STDCALL
ClrScr . . . . . . . . . . . . .	P Near	 0000	  Length= 0000 External STDCALL
Crlf . . . . . . . . . . . . . .	P Near	 0000	  Length= 0000 External STDCALL
Delay  . . . . . . . . . . . . .	P Near	 0000	  Length= 0000 External STDCALL
DumpMem  . . . . . . . . . . . .	P Near	 0000	  Length= 0000 External STDCALL
DumpRegs . . . . . . . . . . . .	P Near	 0000	  Length= 0000 External STDCALL
Enter_File_Name  . . . . . . . .	P Near	 000A	  _TEXT	Length= 0039 Public STDCALL
  pvalue . . . . . . . . . . . .	L Near	 000D	  _TEXT	
  L1 . . . . . . . . . . . . . .	L Near	 001F	  _TEXT	
  L2 . . . . . . . . . . . . . .	L Near	 002C	  _TEXT	
Enter_Key  . . . . . . . . . . .	P Near	 0078	  _TEXT	Length= 0001 Public STDCALL
GetCommandtail . . . . . . . . .	P Near	 0000	  Length= 0000 External STDCALL
GetMaxXY . . . . . . . . . . . .	P Near	 0000	  Length= 0000 External STDCALL
GetMseconds  . . . . . . . . . .	P Near	 0000	  Length= 0000 External STDCALL
Get_Time . . . . . . . . . . . .	P Near	 0000	  Length= 0000 External STDCALL
Gotoxy . . . . . . . . . . . . .	P Near	 0000	  Length= 0000 External STDCALL
Input_File_Open  . . . . . . . .	P Near	 0044	  _TEXT	Length= 0015 Public STDCALL
Input_Message  . . . . . . . . .	P Near	 0009	  _TEXT	Length= 0001 Public STDCALL
IsDigit  . . . . . . . . . . . .	P Near	 0000	  Length= 0000 External STDCALL
Output_File_Create . . . . . . .	P Near	 0059	  _TEXT	Length= 001F Public STDCALL
Output_Message . . . . . . . . .	P Near	 0043	  _TEXT	Length= 0001 Public STDCALL
Random32 . . . . . . . . . . . .	P Near	 0000	  Length= 0000 External STDCALL
RandomRange  . . . . . . . . . .	P Near	 0000	  Length= 0000 External STDCALL
Randomize  . . . . . . . . . . .	P Near	 0000	  Length= 0000 External STDCALL
ReadChar . . . . . . . . . . . .	P Near	 0000	  Length= 0000 External STDCALL
ReadHex  . . . . . . . . . . . .	P Near	 0000	  Length= 0000 External STDCALL
ReadInt  . . . . . . . . . . . .	P Near	 0000	  Length= 0000 External STDCALL
ReadString . . . . . . . . . . .	P Near	 0000	  Length= 0000 External STDCALL
Str_compare  . . . . . . . . . .	P Near	 0000	  Length= 0000 External STDCALL
Str_copy . . . . . . . . . . . .	P Near	 0000	  Length= 0000 External STDCALL
Str_length . . . . . . . . . . .	P Near	 0000	  Length= 0000 External STDCALL
Str_trim . . . . . . . . . . . .	P Near	 0000	  Length= 0000 External STDCALL
Str_ucase  . . . . . . . . . . .	P Near	 0000	  Length= 0000 External STDCALL
WaitMsg  . . . . . . . . . . . .	P Near	 0000	  Length= 0000 External STDCALL
WriteBinB  . . . . . . . . . . .	P Near	 0000	  Length= 0000 External STDCALL
WriteBin . . . . . . . . . . . .	P Near	 0000	  Length= 0000 External STDCALL
WriteChar  . . . . . . . . . . .	P Near	 0000	  Length= 0000 External STDCALL
WriteDec . . . . . . . . . . . .	P Near	 0000	  Length= 0000 External STDCALL
WriteHexB  . . . . . . . . . . .	P Near	 0000	  Length= 0000 External STDCALL
WriteHex . . . . . . . . . . . .	P Near	 0000	  Length= 0000 External STDCALL
WriteInt . . . . . . . . . . . .	P Near	 0000	  Length= 0000 External STDCALL
WriteString  . . . . . . . . . .	P Near	 0000	  Length= 0000 External STDCALL
main . . . . . . . . . . . . . .	P Near	 0000	  _TEXT	Length= 0009 Public STDCALL


Symbols:

                N a m e                 Type     Value    Attr

@CodeSize  . . . . . . . . . . .	Number	 0000h	 
@DataSize  . . . . . . . . . . .	Number	 0000h	 
@Interface . . . . . . . . . . .	Number	 0003h	 
@Model . . . . . . . . . . . . .	Number	 0002h	 
@cmdline . . . . . . . . . . . .	Text   	 OFFSET __98765765cmdline
@code  . . . . . . . . . . . . .	Text   	 _TEXT
@data  . . . . . . . . . . . . .	Text   	 DGROUP
@fardata?  . . . . . . . . . . .	Text   	 FAR_BSS
@fardata . . . . . . . . . . . .	Text   	 FAR_DATA
@stack . . . . . . . . . . . . .	Text   	 DGROUP
BufSize  . . . . . . . . . . . .	Number	 1388h	 
black  . . . . . . . . . . . . .	Number	 0000h	 
blue . . . . . . . . . . . . . .	Number	 0001h	 
brown  . . . . . . . . . . . . .	Number	 0006h	 
buffer . . . . . . . . . . . . .	Byte	 0042	  _DATA	
bytesRead  . . . . . . . . . . .	Word	 13CA	  _DATA	
cyan . . . . . . . . . . . . . .	Number	 0003h	 
exit . . . . . . . . . . . . . .	Text   	 .EXIT
gray . . . . . . . . . . . . . .	Number	 0008h	 
green  . . . . . . . . . . . . .	Number	 0002h	 
inHandle . . . . . . . . . . . .	Word	 003E	  _DATA	
infile . . . . . . . . . . . . .	Byte	 0000	  _DATA	
lightBlue  . . . . . . . . . . .	Number	 0009h	 
lightCyan  . . . . . . . . . . .	Number	 000Bh	 
lightGray  . . . . . . . . . . .	Number	 0007h	 
lightGreen . . . . . . . . . . .	Number	 000Ah	 
lightMagenta . . . . . . . . . .	Number	 000Dh	 
lightRed . . . . . . . . . . . .	Number	 000Ch	 
magenta  . . . . . . . . . . . .	Number	 0005h	 
outHandle  . . . . . . . . . . .	Word	 0040	  _DATA	
outfile  . . . . . . . . . . . .	Byte	 0032	  _DATA	
red  . . . . . . . . . . . . . .	Number	 0004h	 
white  . . . . . . . . . . . . .	Number	 000Fh	 
yellow . . . . . . . . . . . . .	Number	 000Eh	 

	   0 Warnings
	   6 Errors
