Microsoft (R) Macro Assembler Version 6.15.8803		    10/26/03 23:28:07
Boolean Calculator (CH06N08.asm)			     Page 1 - 1


				TITLE Boolean Calculator (CH06N08.asm)

				;Program Description:  This program will do boolean algebra to integers
				;
				;Author: Alberto Martinez
				;Date Created:   10.26.03
				;Last Modification Date:   10.26.03

				INCLUDE Irvine32.inc
			      C ; Include file for Irvine32.lib             (Irvine32.inc)
			      C 
			      C ;OPTION CASEMAP:NONE		; optional: make identifiers case-sensitive
			      C 
			      C INCLUDE SmallWin.inc		; MS-Windows prototypes, structures, and constants
			      C .NOLIST
			      C .LIST
			      C 
			      C 
			      C .NOLIST
			      C .LIST
			      C 

 00000000			.DATA
 00000000 42 6F 6F 6C 65	StartMSG BYTE "Boolean Calculator",0
	   61 6E 20 43 61
	   6C 63 75 6C 61
	   74 6F 72 00

 00000013 31			CaseTable  BYTE   '1'
 00000014  00000092 R		           DWORD   CMD_AND
 00000018  32			           BYTE   '2'
 00000019  000000BF R		           DWORD   CMD_OR
 0000001D  33			           BYTE   '3'
 0000001E  000000EC R		           DWORD   CMD_NOT
 00000022  34			           BYTE   '4'
 00000023  00000112 R		           DWORD   CMD_XOR
 = 00000004			NumberOfEntries=4

 00000027 31 3A 20 20 20	Menu01 BYTE "1:   x AND y",0
	   78 20 41 4E 44
	   20 79 00
 00000034 32 3A 20 20 20	Menu02 BYTE "2:   x OR y",0
	   78 20 4F 52 20
	   79 00
 00000040 33 3A 20 20 20	Menu03 BYTE "3:   NOT x",0
	   4E 4F 54 20 78
	   00
 0000004B 34 3A 20 20 20	Menu04 BYTE "4:   x XOR y",0
	   78 20 58 4F 52
	   20 79 00
 00000058 35 3A 20 20 20	Menu05 BYTE "5:   Exit Program",0
	   45 78 69 74 20
	   50 72 6F 67 72
	   61 6D 00

 00000000			.CODE
 00000000			main PROC
 00000000			MENU:
 00000000  E8 00000028			call Write_Menu
					
 00000005  BB 00000013 R		mov ebx,OFFSET CaseTable
 0000000A  B9 00000004			mov ecx,NumberOfEntries
 0000000F			L1:
 0000000F  3C 05			cmp al,5
 00000011  74 0E			je L3
 00000013  3A 03			cmp al,[ebx]
 00000015  75 05			jne L2
 00000017  FF 53 01			call NEAR PTR [ebx + 1]
 0000001A  EB E4			jmp MENU
 0000001C			L2:
 0000001C  83 C3 05			add ebx,5
 0000001F  E2 EE			loop L1

 00000021  E8 00000000 E	L3:	call clrscr
				exit
 00000026  6A 00	   *	    push   +000000000h
 00000028  E8 00000000 E   *	    call   ExitProcess
 0000002D			main ENDP



				;-----------------------------------------------
 0000002D			Write_Menu PROC
				;
				; Reads:
				; Receives: nothing
				; Returns:
				;-----------------------------------------------
 0000002D  E8 00000000 E		call clrscr
 00000032  BA 00000000 R		mov edx, OFFSET StartMSG
 00000037  E8 00000000 E		call WriteString
 0000003C  E8 00000000 E		call Crlf
 00000041  BA 00000027 R		mov edx, OFFSET Menu01
 00000046  E8 00000000 E		call WriteString
 0000004B  E8 00000000 E		call Crlf
 00000050  BA 00000034 R		mov edx, OFFSET Menu02
 00000055  E8 00000000 E		call WriteString
 0000005A  E8 00000000 E		call Crlf	 
 0000005F  BA 00000040 R		mov edx, OFFSET Menu03
 00000064  E8 00000000 E		call WriteString
 00000069  E8 00000000 E		call Crlf	
 0000006E  BA 0000004B R		mov edx, OFFSET Menu04
 00000073  E8 00000000 E		call WriteString
 00000078  E8 00000000 E		call Crlf	
 0000007D  BA 00000058 R		mov edx, OFFSET Menu05
 00000082  E8 00000000 E		call WriteString
 00000087  E8 00000000 E		call Crlf
 0000008C  E8 00000000 E		call ReadCHAR	
 00000091  C3			ret
 00000092			Write_Menu ENDP



				;-----------------------------------------------
 00000092			CMD_AND PROC
				;
				; Reads:
				; Receives: nothing
				; Returns:
				;-----------------------------------------------
 00000092  E8 00000000 E		call clrscr
 00000097  BA 00000027 R		mov edx, OFFSET Menu01
 0000009C  E8 00000000 E		call WriteString
 000000A1  E8 00000000 E		call crlf
 000000A6  E8 00000000 E		call ReadINT
 000000AB  8B D8			mov EBX, EAX
 000000AD  E8 00000000 E		call ReadINT
 000000B2  23 C3			AND EAX, EBX
 000000B4  E8 00000000 E		call WriteINT
 000000B9  E8 00000000 E		call ReadCHAR
 000000BE  C3			ret
 000000BF			CMD_AND ENDP



				;-----------------------------------------------
 000000BF			CMD_OR PROC
				;
				; Reads:
				; Receives: nothing
				; Returns:
				;-----------------------------------------------
 000000BF  E8 00000000 E		call clrscr
 000000C4  BA 00000034 R		mov edx, OFFSET Menu02
 000000C9  E8 00000000 E		call WriteString
 000000CE  E8 00000000 E		call crlf
 000000D3  E8 00000000 E		call ReadINT
 000000D8  8B D8			mov EBX, EAX
 000000DA  E8 00000000 E		call ReadINT
 000000DF  0B C3			OR EAX, EBX
 000000E1  E8 00000000 E		call WriteINT
 000000E6  E8 00000000 E		call ReadCHAR 
 000000EB  C3			ret
 000000EC			CMD_OR ENDP



				;-----------------------------------------------
 000000EC			CMD_NOT PROC
				;
				; Reads:
				; Receives: nothing
				; Returns:
				;-----------------------------------------------
 000000EC  E8 00000000 E		call clrscr
 000000F1  BA 00000040 R		mov edx, OFFSET Menu03
 000000F6  E8 00000000 E		call WriteString
 000000FB  E8 00000000 E		call crlf
 00000100  E8 00000000 E		call ReadINT
 00000105  F7 D0			NOT EAX
 00000107  E8 00000000 E		call WriteINT
 0000010C  E8 00000000 E		call ReadCHAR 
 00000111  C3			ret
 00000112			CMD_NOT ENDP



				;-----------------------------------------------
 00000112			CMD_XOR PROC
				;
				; Reads:
				; Receives: nothing
				; Returns:
				;-----------------------------------------------
 00000112  E8 00000000 E		call clrscr
 00000117  BA 0000004B R		mov edx, OFFSET Menu04
 0000011C  E8 00000000 E		call WriteString
 00000121  E8 00000000 E		call crlf
 00000126  E8 00000000 E		call ReadINT
 0000012B  8B D8			mov EBX, EAX
 0000012D  E8 00000000 E		call ReadINT
 00000132  33 C3			XOR EAX, EBX
 00000134  E8 00000000 E		call WriteINT
 00000139  E8 00000000 E		call ReadCHAR 
 0000013E  C3			ret
 0000013F			CMD_XOR ENDP

				END main
Microsoft (R) Macro Assembler Version 6.15.8803		    10/26/03 23:28:07
Boolean Calculator (CH06N08.asm)			     Symbols 2 - 1




Structures and Unions:

                N a m e                  Size
                                         Offset      Type

CONSOLE_CURSOR_INFO  . . . . . .	 00000008
  dwSize . . . . . . . . . . . .	 00000000	 DWord
  bVisible . . . . . . . . . . .	 00000004	 DWord
CONSOLE_SCREEN_BUFFER_INFO . . .	 00000016
  dwSize . . . . . . . . . . . .	 00000000	 DWord
  dwCursorPos  . . . . . . . . .	 00000004	 DWord
  wAttributes  . . . . . . . . .	 00000008	 Word
  srWindow . . . . . . . . . . .	 0000000A	 QWord
  maxWinSize . . . . . . . . . .	 00000012	 DWord
COORD  . . . . . . . . . . . . .	 00000004
  X  . . . . . . . . . . . . . .	 00000000	 Word
  Y  . . . . . . . . . . . . . .	 00000002	 Word
FILETIME . . . . . . . . . . . .	 00000008
  loDateTime . . . . . . . . . .	 00000000	 DWord
  hiDateTime . . . . . . . . . .	 00000004	 DWord
SMALL_RECT . . . . . . . . . . .	 00000008
  Left . . . . . . . . . . . . .	 00000000	 Word
  Top  . . . . . . . . . . . . .	 00000002	 Word
  Right  . . . . . . . . . . . .	 00000004	 Word
  Bottom . . . . . . . . . . . .	 00000006	 Word
SYSTEMTIME . . . . . . . . . . .	 00000010
  wYear  . . . . . . . . . . . .	 00000000	 Word
  wMonth . . . . . . . . . . . .	 00000002	 Word
  wDayOfWeek . . . . . . . . . .	 00000004	 Word
  wDay . . . . . . . . . . . . .	 00000006	 Word
  wHour  . . . . . . . . . . . .	 00000008	 Word
  wMinute  . . . . . . . . . . .	 0000000A	 Word
  wSecond  . . . . . . . . . . .	 0000000C	 Word
  wMilliseconds  . . . . . . . .	 0000000E	 Word


Segments and Groups:

                N a m e                 Size     Length   Align   Combine Class

FLAT . . . . . . . . . . . . . .	GROUP
STACK  . . . . . . . . . . . . .	32 Bit	 00001000 DWord	  Stack	  'STACK'	 
_DATA  . . . . . . . . . . . . .	32 Bit	 0000006A DWord	  Public  'DATA'	
_TEXT  . . . . . . . . . . . . .	32 Bit	 0000013F DWord	  Public  'CODE'	


Procedures,  parameters and locals:

                N a m e                 Type     Value    Attr

CMD_AND  . . . . . . . . . . . .	P Near	 00000092 _TEXT	Length= 0000002D Public STDCALL
CMD_NOT  . . . . . . . . . . . .	P Near	 000000EC _TEXT	Length= 00000026 Public STDCALL
CMD_OR . . . . . . . . . . . . .	P Near	 000000BF _TEXT	Length= 0000002D Public STDCALL
CMD_XOR  . . . . . . . . . . . .	P Near	 00000112 _TEXT	Length= 0000002D Public STDCALL
CloseHandle  . . . . . . . . . .	P Near	 00000000 FLAT	Length= 00000000 External STDCALL
Clrscr . . . . . . . . . . . . .	P Near	 00000000 FLAT	Length= 00000000 External STDCALL
CreateFileA  . . . . . . . . . .	P Near	 00000000 FLAT	Length= 00000000 External STDCALL
Crlf . . . . . . . . . . . . . .	P Near	 00000000 FLAT	Length= 00000000 External STDCALL
Delay  . . . . . . . . . . . . .	P Near	 00000000 FLAT	Length= 00000000 External STDCALL
DumpMem  . . . . . . . . . . . .	P Near	 00000000 FLAT	Length= 00000000 External STDCALL
DumpRegs . . . . . . . . . . . .	P Near	 00000000 FLAT	Length= 00000000 External STDCALL
ExitProcess  . . . . . . . . . .	P Near	 00000000 FLAT	Length= 00000000 External STDCALL
FlushConsoleInputBuffer  . . . .	P Near	 00000000 FLAT	Length= 00000000 External STDCALL
GetCommandLineA  . . . . . . . .	P Near	 00000000 FLAT	Length= 00000000 External STDCALL
GetCommandtail . . . . . . . . .	P Near	 00000000 FLAT	Length= 00000000 External STDCALL
GetConsoleCP . . . . . . . . . .	P Near	 00000000 FLAT	Length= 00000000 External STDCALL
GetConsoleCursorInfo . . . . . .	P Near	 00000000 FLAT	Length= 00000000 External STDCALL
GetConsoleMode . . . . . . . . .	P Near	 00000000 FLAT	Length= 00000000 External STDCALL
GetConsoleScreenBufferInfo . . .	P Near	 00000000 FLAT	Length= 00000000 External STDCALL
GetDateTime  . . . . . . . . . .	P Near	 00000000 FLAT	Length= 00000000 External STDCALL
GetKeyState  . . . . . . . . . .	P Near	 00000000 FLAT	Length= 00000000 External STDCALL
GetLastError . . . . . . . . . .	P Near	 00000000 FLAT	Length= 00000000 External STDCALL
GetLocalTime . . . . . . . . . .	P Near	 00000000 FLAT	Length= 00000000 External STDCALL
GetMaxXY . . . . . . . . . . . .	P Near	 00000000 FLAT	Length= 00000000 External STDCALL
GetMseconds  . . . . . . . . . .	P Near	 00000000 FLAT	Length= 00000000 External STDCALL
GetNumberOfConsoleInputEvents  .	P Near	 00000000 FLAT	Length= 00000000 External STDCALL
GetProcessHeap . . . . . . . . .	P Near	 00000000 FLAT	Length= 00000000 External STDCALL
GetStdHandle . . . . . . . . . .	P Near	 00000000 FLAT	Length= 00000000 External STDCALL
GetSystemTime  . . . . . . . . .	P Near	 00000000 FLAT	Length= 00000000 External STDCALL
GetTickCount . . . . . . . . . .	P Near	 00000000 FLAT	Length= 00000000 External STDCALL
Gotoxy . . . . . . . . . . . . .	P Near	 00000000 FLAT	Length= 00000000 External STDCALL
HeapAlloc  . . . . . . . . . . .	P Near	 00000000 FLAT	Length= 00000000 External STDCALL
HeapCreate . . . . . . . . . . .	P Near	 00000000 FLAT	Length= 00000000 External STDCALL
HeapDestroy  . . . . . . . . . .	P Near	 00000000 FLAT	Length= 00000000 External STDCALL
HeapFree . . . . . . . . . . . .	P Near	 00000000 FLAT	Length= 00000000 External STDCALL
HeapSize . . . . . . . . . . . .	P Near	 00000000 FLAT	Length= 00000000 External STDCALL
IsDigit  . . . . . . . . . . . .	P Near	 00000000 FLAT	Length= 00000000 External STDCALL
PeekConsoleInputA  . . . . . . .	P Near	 00000000 FLAT	Length= 00000000 External STDCALL
Random32 . . . . . . . . . . . .	P Near	 00000000 FLAT	Length= 00000000 External STDCALL
RandomRange  . . . . . . . . . .	P Near	 00000000 FLAT	Length= 00000000 External STDCALL
Randomize  . . . . . . . . . . .	P Near	 00000000 FLAT	Length= 00000000 External STDCALL
ReadChar . . . . . . . . . . . .	P Near	 00000000 FLAT	Length= 00000000 External STDCALL
ReadConsoleA . . . . . . . . . .	P Near	 00000000 FLAT	Length= 00000000 External STDCALL
ReadConsoleInputA  . . . . . . .	P Near	 00000000 FLAT	Length= 00000000 External STDCALL
ReadDec  . . . . . . . . . . . .	P Near	 00000000 FLAT	Length= 00000000 External STDCALL
ReadFile . . . . . . . . . . . .	P Near	 00000000 FLAT	Length= 00000000 External STDCALL
ReadHex  . . . . . . . . . . . .	P Near	 00000000 FLAT	Length= 00000000 External STDCALL
ReadInt  . . . . . . . . . . . .	P Near	 00000000 FLAT	Length= 00000000 External STDCALL
ReadString . . . . . . . . . . .	P Near	 00000000 FLAT	Length= 00000000 External STDCALL
SetConsoleCursorInfo . . . . . .	P Near	 00000000 FLAT	Length= 00000000 External STDCALL
SetConsoleCursorPosition . . . .	P Near	 00000000 FLAT	Length= 00000000 External STDCALL
SetConsoleMode . . . . . . . . .	P Near	 00000000 FLAT	Length= 00000000 External STDCALL
SetConsoleScreenBufferSize . . .	P Near	 00000000 FLAT	Length= 00000000 External STDCALL
SetConsoleTextAttribute  . . . .	P Near	 00000000 FLAT	Length= 00000000 External STDCALL
SetConsoleTitleA . . . . . . . .	P Near	 00000000 FLAT	Length= 00000000 External STDCALL
SetConsoleWindowInfo . . . . . .	P Near	 00000000 FLAT	Length= 00000000 External STDCALL
SetFilePointer . . . . . . . . .	P Near	 00000000 FLAT	Length= 00000000 External STDCALL
SetLocalTime . . . . . . . . . .	P Near	 00000000 FLAT	Length= 00000000 External STDCALL
SetTextColor . . . . . . . . . .	P Near	 00000000 FLAT	Length= 00000000 External STDCALL
Sleep  . . . . . . . . . . . . .	P Near	 00000000 FLAT	Length= 00000000 External STDCALL
Str_compare  . . . . . . . . . .	P Near	 00000000 FLAT	Length= 00000000 External STDCALL
Str_copy . . . . . . . . . . . .	P Near	 00000000 FLAT	Length= 00000000 External STDCALL
Str_length . . . . . . . . . . .	P Near	 00000000 FLAT	Length= 00000000 External STDCALL
Str_trim . . . . . . . . . . . .	P Near	 00000000 FLAT	Length= 00000000 External STDCALL
Str_ucase  . . . . . . . . . . .	P Near	 00000000 FLAT	Length= 00000000 External STDCALL
SystemTimeToFileTime . . . . . .	P Near	 00000000 FLAT	Length= 00000000 External STDCALL
WaitMsg  . . . . . . . . . . . .	P Near	 00000000 FLAT	Length= 00000000 External STDCALL
WriteBinB  . . . . . . . . . . .	P Near	 00000000 FLAT	Length= 00000000 External STDCALL
WriteBin . . . . . . . . . . . .	P Near	 00000000 FLAT	Length= 00000000 External STDCALL
WriteChar  . . . . . . . . . . .	P Near	 00000000 FLAT	Length= 00000000 External STDCALL
WriteConsoleA  . . . . . . . . .	P Near	 00000000 FLAT	Length= 00000000 External STDCALL
WriteConsoleOutputAttribute  . .	P Near	 00000000 FLAT	Length= 00000000 External STDCALL
WriteConsoleOutputCharacterA . .	P Near	 00000000 FLAT	Length= 00000000 External STDCALL
WriteDec . . . . . . . . . . . .	P Near	 00000000 FLAT	Length= 00000000 External STDCALL
WriteFile  . . . . . . . . . . .	P Near	 00000000 FLAT	Length= 00000000 External STDCALL
WriteHexB  . . . . . . . . . . .	P Near	 00000000 FLAT	Length= 00000000 External STDCALL
WriteHex . . . . . . . . . . . .	P Near	 00000000 FLAT	Length= 00000000 External STDCALL
WriteInt . . . . . . . . . . . .	P Near	 00000000 FLAT	Length= 00000000 External STDCALL
WriteString  . . . . . . . . . .	P Near	 00000000 FLAT	Length= 00000000 External STDCALL
Write_Menu . . . . . . . . . . .	P Near	 0000002D _TEXT	Length= 00000065 Public STDCALL
main . . . . . . . . . . . . . .	P Near	 00000000 _TEXT	Length= 0000002D Public STDCALL
  MENU . . . . . . . . . . . . .	L Near	 00000000 _TEXT	
  L1 . . . . . . . . . . . . . .	L Near	 0000000F _TEXT	
  L2 . . . . . . . . . . . . . .	L Near	 0000001C _TEXT	
  L3 . . . . . . . . . . . . . .	L Near	 00000021 _TEXT	


Symbols:

                N a m e                 Type     Value    Attr

@CodeSize  . . . . . . . . . . .	Number	 00000000h   
@DataSize  . . . . . . . . . . .	Number	 00000000h   
@Interface . . . . . . . . . . .	Number	 00000003h   
@Model . . . . . . . . . . . . .	Number	 00000007h   
@code  . . . . . . . . . . . . .	Text   	 _TEXT
@data  . . . . . . . . . . . . .	Text   	 FLAT
@fardata?  . . . . . . . . . . .	Text   	 FLAT
@fardata . . . . . . . . . . . .	Text   	 FLAT
@stack . . . . . . . . . . . . .	Text   	 FLAT
CREATE_ALWAYS  . . . . . . . . .	Number	 00000002h   
CREATE_NEW . . . . . . . . . . .	Number	 00000001h   
CaseTable  . . . . . . . . . . .	Byte	 00000013 _DATA	
CreateFile . . . . . . . . . . .	Text   	 CreateFileA
DO_NOT_SHARE . . . . . . . . . .	Number	 00000000h   
ENABLE_ECHO_INPUT  . . . . . . .	Number	 00000004h   
ENABLE_LINE_INPUT  . . . . . . .	Number	 00000002h   
ENABLE_MOUSE_INPUT . . . . . . .	Number	 00000010h   
ENABLE_PROCESSED_INPUT . . . . .	Number	 00000001h   
ENABLE_PROCESSED_OUTPUT  . . . .	Number	 00000001h   
ENABLE_WINDOW_INPUT  . . . . . .	Number	 00000008h   
ENABLE_WRAP_AT_EOL_OUTPUT  . . .	Number	 00000002h   
FALSE  . . . . . . . . . . . . .	Number	 00000000h   
FILE_APPEND_DATA . . . . . . . .	Number	 00000004h   
FILE_ATTRIBUTE_ARCHIVE . . . . .	Number	 00000020h   
FILE_ATTRIBUTE_COMPRESSED  . . .	Number	 00000800h   
FILE_ATTRIBUTE_DEVICE  . . . . .	Number	 00000040h   
FILE_ATTRIBUTE_DIRECTORY . . . .	Number	 00000010h   
FILE_ATTRIBUTE_ENCRYPTED . . . .	Number	 00004000h   
FILE_ATTRIBUTE_HIDDEN  . . . . .	Number	 00000002h   
FILE_ATTRIBUTE_NORMAL  . . . . .	Number	 00000080h   
FILE_ATTRIBUTE_NOT_CONTENT_INDEXED .	Number	 00002000h   
FILE_ATTRIBUTE_OFFLINE . . . . .	Number	 00001000h   
FILE_ATTRIBUTE_READONLY  . . . .	Number	 00000001h   
FILE_ATTRIBUTE_REPARSE_POINT . .	Number	 00000400h   
FILE_ATTRIBUTE_SPARSE_FILE . . .	Number	 00000200h   
FILE_ATTRIBUTE_SYSTEM  . . . . .	Number	 00000004h   
FILE_ATTRIBUTE_TEMPORARY . . . .	Number	 00000100h   
FILE_BEGIN . . . . . . . . . . .	Number	 00000000h   
FILE_CURRENT . . . . . . . . . .	Number	 00000001h   
FILE_DELETE_CHILD  . . . . . . .	Number	 00000040h   
FILE_END . . . . . . . . . . . .	Number	 00000002h   
FILE_READ_DATA . . . . . . . . .	Number	 00000001h   
FILE_SHARE_DELETE  . . . . . . .	Number	 00000004h   
FILE_SHARE_READ  . . . . . . . .	Number	 00000001h   
FILE_SHARE_WRITE . . . . . . . .	Number	 00000002h   
FILE_WRITE_DATA  . . . . . . . .	Number	 00000002h   
FOCUS_EVENT  . . . . . . . . . .	Number	 00000010h   
GENERIC_ALL  . . . . . . . . . .	Number	 10000000h   
GENERIC_EXECUTE  . . . . . . . .	Number	 20000000h   
GENERIC_READ . . . . . . . . . .	Number	 -80000000h   
GENERIC_WRITE  . . . . . . . . .	Number	 40000000h   
GetCommandLine . . . . . . . . .	Text   	 GetCommandLineA
HEAP_GENERATE_EXCEPTIONS . . . .	Number	 00000004h   
HEAP_GROWABLE  . . . . . . . . .	Number	 00000002h   
HEAP_NO_SERIALIZE  . . . . . . .	Number	 00000001h   
HEAP_REALLOC_IN_PLACE_ONLY . . .	Number	 00000010h   
HEAP_ZERO_MEMORY . . . . . . . .	Number	 00000008h   
INVALID_HANDLE_VALUE . . . . . .	Number	 -00000001h   
KEY_EVENT  . . . . . . . . . . .	Number	 00000001h   
MENU_EVENT . . . . . . . . . . .	Number	 00000008h   
MOUSE_EVENT  . . . . . . . . . .	Number	 00000002h   
Menu01 . . . . . . . . . . . . .	Byte	 00000027 _DATA	
Menu02 . . . . . . . . . . . . .	Byte	 00000034 _DATA	
Menu03 . . . . . . . . . . . . .	Byte	 00000040 _DATA	
Menu04 . . . . . . . . . . . . .	Byte	 0000004B _DATA	
Menu05 . . . . . . . . . . . . .	Byte	 00000058 _DATA	
NULL . . . . . . . . . . . . . .	Number	 00000000h   
NumberOfEntries  . . . . . . . .	Number	 00000004h   
OPEN_ALWAYS  . . . . . . . . . .	Number	 00000004h   
OPEN_EXISTING  . . . . . . . . .	Number	 00000003h   
PeekConsoleInput . . . . . . . .	Text   	 PeekConsoleInputA
ReadConsoleInput . . . . . . . .	Text   	 ReadConsoleInputA
ReadConsole  . . . . . . . . . .	Text   	 ReadConsoleA
STD_INPUT_HANDLE . . . . . . . .	Number	 -0000000Ah   
STD_OUTPUT_HANDLE  . . . . . . .	Number	 -0000000Bh   
SetConsoleTitle  . . . . . . . .	Text   	 SetConsoleTitleA
StartMSG . . . . . . . . . . . .	Byte	 00000000 _DATA	
TRUE . . . . . . . . . . . . . .	Number	 00000001h   
TRUNCATE_EXISTING  . . . . . . .	Number	 00000005h   
WINDOW_BUFFER_SIZE_EVENT . . . .	Number	 00000004h   
WriteConsoleOutputCharacter  . .	Text   	 WriteConsoleOutputCharacterA
WriteConsole . . . . . . . . . .	Text   	 WriteConsoleA
black  . . . . . . . . . . . . .	Number	 00000000h   
blue . . . . . . . . . . . . . .	Number	 00000001h   
brown  . . . . . . . . . . . . .	Number	 00000006h   
cyan . . . . . . . . . . . . . .	Number	 00000003h   
exit . . . . . . . . . . . . . .	Text   	 INVOKE ExitProcess,0
gray . . . . . . . . . . . . . .	Number	 00000008h   
green  . . . . . . . . . . . . .	Number	 00000002h   
lightBlue  . . . . . . . . . . .	Number	 00000009h   
lightCyan  . . . . . . . . . . .	Number	 0000000Bh   
lightGray  . . . . . . . . . . .	Number	 00000007h   
lightGreen . . . . . . . . . . .	Number	 0000000Ah   
lightMagenta . . . . . . . . . .	Number	 0000000Dh   
lightRed . . . . . . . . . . . .	Number	 0000000Ch   
magenta  . . . . . . . . . . . .	Number	 00000005h   
red  . . . . . . . . . . . . . .	Number	 00000004h   
white  . . . . . . . . . . . . .	Number	 0000000Fh   
yellow . . . . . . . . . . . . .	Number	 0000000Eh   

	   0 Warnings
	   0 Errors
